<?xml version="1.0" encoding="UTF-8"?>
<!-- Generated by org.testng.reporters.JUnitReportReporter -->
<testsuite skipped="0" hostname="M4L-FAC-SUNILN" name="BasicRestPost.postcallautomation" tests="2" failures="0" timestamp="25 Apr 2021 08:58:23 GMT" time="6.852" errors="0">
  <testcase name="createpostwithoutbody" time="4.772" classname="BasicRestPost.postcallautomation"/>
  <testcase name="createpostwithoutbody1" time="2.080" classname="BasicRestPost.postcallautomation"/>
</testsuite> <!-- BasicRestPost.postcallautomation -->
