<?xml version="1.0" encoding="UTF-8"?>
<!-- Generated by org.testng.reporters.JUnitReportReporter -->
<testsuite hostname="M4L-FAC-SUNILN" name="BasicRestPost.ExtractrequestResponse2" tests="4" failures="0" timestamp="28 Apr 2021 18:51:46 GMT" time="19.490" errors="0">
  <testcase name="GetAllUser" time="3.655" classname="BasicRestPost.ExtractrequestResponse2"/>
  <testcase name="delete" time="2.296" classname="BasicRestPost.ExtractrequestResponse2"/>
  <testcase name="Login" time="5.020" classname="BasicRestPost.ExtractrequestResponse2"/>
  <testcase name="Signup" time="8.519" classname="BasicRestPost.ExtractrequestResponse2"/>
</testsuite> <!-- BasicRestPost.ExtractrequestResponse2 -->
