<?xml version="1.0" encoding="UTF-8"?>
<!-- Generated by org.testng.reporters.JUnitReportReporter -->
<testsuite hostname="M4L-FAC-SUNILN" name="BasicRestPost.PostMethodWithBody" tests="1" failures="0" timestamp="28 Apr 2021 17:40:03 GMT" time="7.931" errors="0">
  <testcase name="postmethodwithbody" time="7.931" classname="BasicRestPost.PostMethodWithBody"/>
</testsuite> <!-- BasicRestPost.PostMethodWithBody -->
