<?xml version="1.0" encoding="UTF-8"?>
<!-- Generated by org.testng.reporters.JUnitReportReporter -->
<testsuite hostname="M4L-FAC-SUNILN" name="BasicRestPost.ExtractrequestResponse" tests="1" failures="0" timestamp="28 Apr 2021 17:48:59 GMT" time="8.821" errors="0">
  <testcase name="Extractresponse" time="8.821" classname="BasicRestPost.ExtractrequestResponse"/>
</testsuite> <!-- BasicRestPost.ExtractrequestResponse -->
