<?xml version="1.0" encoding="UTF-8"?>
<!-- Generated by org.testng.reporters.JUnitReportReporter -->
<testsuite skipped="0" hostname="M4L-FAC-SUNILN" name="BasicRestTesting.verifyresponsetest" tests="1" failures="0" timestamp="25 Apr 2021 07:12:47 GMT" time="4.005" errors="0">
  <testcase name="verifyresponseheader" time="4.005" classname="BasicRestTesting.verifyresponsetest"/>
</testsuite> <!-- BasicRestTesting.verifyresponsetest -->
