<?xml version="1.0" encoding="UTF-8"?>
<!-- Generated by org.testng.reporters.JUnitReportReporter -->
<testsuite skipped="0" hostname="M4L-FAC-SUNILN" name="BasicRestPost.postcalludemy" tests="1" failures="0" timestamp="25 Apr 2021 12:32:16 GMT" time="5.748" errors="0">
  <testcase name="createpostwithoutbody" time="5.748" classname="BasicRestPost.postcalludemy"/>
</testsuite> <!-- BasicRestPost.postcalludemy -->
